{
  "stats": {
    "suites": 1,
    "tests": 5,
    "passes": 5,
    "pending": 0,
    "failures": 0,
    "start": "2022-09-13T23:58:01.296Z",
    "end": "2022-09-13T23:58:21.935Z",
    "duration": 20639,
    "testsRegistered": 5,
    "passPercent": 100,
    "pendingPercent": 0,
    "other": 0,
    "hasOther": false,
    "skipped": 0,
    "hasSkipped": false
  },
  "results": [
    {
      "uuid": "3bb3d1c6-bc12-418f-af1a-f348b9886e59",
      "title": "",
      "fullFile": "cypress/e2e/1_login.cy.js",
      "file": "cypress/e2e/1_login.cy.js",
      "beforeHooks": [],
      "afterHooks": [],
      "tests": [],
      "suites": [
        {
          "uuid": "ac6cecfc-e57a-43e7-b9f7-c84756a72fd5",
          "title": "empty spec",
          "fullFile": "",
          "file": "",
          "beforeHooks": [],
          "afterHooks": [],
          "tests": [
            {
              "title": "1. login menu test",
              "fullTitle": "empty spec 1. login menu test",
              "timedOut": null,
              "duration": 6874,
              "state": "passed",
              "speed": "medium",
              "pass": true,
              "fail": false,
              "pending": false,
              "context": null,
              "code": "cy.get('.kakao').should('exist');\ncy.get('.google').should('exist');\ncy.get('.facebook').should('exist');\ncy.get('.lk-button').should('exist'); // Forgot password\ncy.get(':nth-child(2) > .btn_common').click();\ncy.wait(500);\ncy.contains('이메일 발송').should('exist'); // email input false\ncy.contains('이메일 형식으로 입력해 주세요').should('not.exist');\ncy.get('[placeholder=\"이메일을 입력해주세요\"]').type('@dl29240730');\ncy.get('.reset-modal > .lk-button').click();\ncy.wait(500);\ncy.contains('이메일 형식으로 입력해 주세요').should('exist'); // check\ncy.contains('비밀번호를 재설정할 수 있는 링크를 메일로 발송하였습니다.').should('not.exist');\ncy.get('[placeholder=\"이메일을 입력해주세요\"]').clear();\ncy.get('[placeholder=\"이메일을 입력해주세요\"]').type('ruoghks@gmail.com');\ncy.get('.reset-modal > .lk-button').click();\ncy.wait(500);\ncy.contains('비밀번호를 재설정할 수 있는 링크를 메일로 발송하였습니다.').should('exist'); // Ok button\ncy.contains('확인').click();",
              "err": {},
              "uuid": "740a780b-dc33-4f3d-8b30-442aa56161b9",
              "parentUUID": "ac6cecfc-e57a-43e7-b9f7-c84756a72fd5",
              "isHook": false,
              "skipped": false
            },
            {
              "title": "1-1. Login failse (error email&error password)",
              "fullTitle": "empty spec 1-1. Login failse (error email&error password)",
              "timedOut": null,
              "duration": 2862,
              "state": "passed",
              "speed": "fast",
              "pass": true,
              "fail": false,
              "pending": false,
              "context": null,
              "code": "// email text input false\ncy.contains('가입된 이메일이 아닙니다. 입력한 내용을 다시 확인해주세요.').should('not.exist');\ncy.get('[type=\"text\"]').type('admin');\ncy.get('[type=\"password\"]').type('admin');\ncy.get('.lk-button').click();\ncy.contains('가입된 이메일이 아닙니다. 입력한 내용을 다시 확인해주세요.').should('exist');",
              "err": {},
              "uuid": "af80ccdf-d62e-447a-8ca4-276afc1eb594",
              "parentUUID": "ac6cecfc-e57a-43e7-b9f7-c84756a72fd5",
              "isHook": false,
              "skipped": false
            },
            {
              "title": "1-2. Login failse(no password)",
              "fullTitle": "empty spec 1-2. Login failse(no password)",
              "timedOut": null,
              "duration": 3121,
              "state": "passed",
              "speed": "fast",
              "pass": true,
              "fail": false,
              "pending": false,
              "context": null,
              "code": "// email text input false\ncy.contains('비밀번호가 일치하지 않습니다. 입력한 내용을 다시 확인해 주세요.').should('not.exist');\ncy.get('[type=\"text\"]').type('ruoghks@gmail.com');\ncy.get('[type=\"password\"]').type('admin');\ncy.get('.lk-button').click();\ncy.contains('비밀번호가 일치하지 않습니다. 입력한 내용을 다시 확인해 주세요.').should('exist');",
              "err": {},
              "uuid": "984aa65e-dd12-4784-aea7-848aea2c39ef",
              "parentUUID": "ac6cecfc-e57a-43e7-b9f7-c84756a72fd5",
              "isHook": false,
              "skipped": false
            },
            {
              "title": "1-3. Login failse(no email & password)",
              "fullTitle": "empty spec 1-3. Login failse(no email & password)",
              "timedOut": null,
              "duration": 2360,
              "state": "passed",
              "speed": "fast",
              "pass": true,
              "fail": false,
              "pending": false,
              "context": null,
              "code": "// email text input false\ncy.get('.form_group > .error-message').should('not.exist');\ncy.get('.lk-button').click();\ncy.get('.form_group > .error-message').should('exist');",
              "err": {},
              "uuid": "492624bf-24f1-4fa7-9959-5e42575895fd",
              "parentUUID": "ac6cecfc-e57a-43e7-b9f7-c84756a72fd5",
              "isHook": false,
              "skipped": false
            },
            {
              "title": "1-4. Login should mypage login & logout",
              "fullTitle": "empty spec 1-4. Login should mypage login & logout",
              "timedOut": null,
              "duration": 4566,
              "state": "passed",
              "speed": "fast",
              "pass": true,
              "fail": false,
              "pending": false,
              "context": null,
              "code": "// id & pw text input\ncy.get('[type=\"text\"]').type('ruoghks@gmail.com');\ncy.get('[type=\"password\"]').type('@dl29240730'); // login button click\ncy.get('.lk-button').click(); // site page verification\ncy.url().should('include', '/mypage');\ncy.wait(1000);\ncy.url().then(valse => {\n  cy.log('The current real URL id: ', valse);\n});",
              "err": {},
              "uuid": "c27e0155-8471-42ee-a39e-4d783771e277",
              "parentUUID": "ac6cecfc-e57a-43e7-b9f7-c84756a72fd5",
              "isHook": false,
              "skipped": false
            }
          ],
          "suites": [],
          "passes": [
            "740a780b-dc33-4f3d-8b30-442aa56161b9",
            "af80ccdf-d62e-447a-8ca4-276afc1eb594",
            "984aa65e-dd12-4784-aea7-848aea2c39ef",
            "492624bf-24f1-4fa7-9959-5e42575895fd",
            "c27e0155-8471-42ee-a39e-4d783771e277"
          ],
          "failures": [],
          "pending": [],
          "skipped": [],
          "duration": 19783,
          "root": false,
          "rootEmpty": false,
          "_timeout": 2000
        }
      ],
      "passes": [],
      "failures": [],
      "pending": [],
      "skipped": [],
      "duration": 0,
      "root": true,
      "rootEmpty": true,
      "_timeout": 2000
    }
  ],
  "meta": {
    "mocha": {
      "version": "7.0.1"
    },
    "mochawesome": {
      "options": {
        "quiet": false,
        "reportFilename": "mochawesome",
        "saveHtml": false,
        "saveJson": true,
        "consoleReporter": "spec",
        "useInlineDiffs": false,
        "code": true
      },
      "version": "7.1.3"
    },
    "marge": {
      "options": {
        "id": "default",
        "reportDir": "cypress/results/json",
        "overwrite": false,
        "html": false,
        "json": true
      },
      "version": "6.2.0"
    }
  }
}