{
  "stats": {
    "suites": 1,
    "tests": 5,
    "passes": 5,
    "pending": 0,
    "failures": 0,
    "start": "2022-09-13T23:58:23.800Z",
    "end": "2022-09-13T23:58:39.546Z",
    "duration": 15746,
    "testsRegistered": 5,
    "passPercent": 100,
    "pendingPercent": 0,
    "other": 0,
    "hasOther": false,
    "skipped": 0,
    "hasSkipped": false
  },
  "results": [
    {
      "uuid": "7c71d9c9-c2be-45d4-acb0-c3865a301519",
      "title": "",
      "fullFile": "cypress/e2e/2_createaccount.cy.js",
      "file": "cypress/e2e/2_createaccount.cy.js",
      "beforeHooks": [],
      "afterHooks": [],
      "tests": [],
      "suites": [
        {
          "uuid": "eac44a61-d8af-4018-87f3-796a95da6c34",
          "title": "empty spec",
          "fullFile": "",
          "file": "",
          "beforeHooks": [],
          "afterHooks": [],
          "tests": [
            {
              "title": "2-1. createaccount failse (error email)",
              "fullTitle": "empty spec 2-1. createaccount failse (error email)",
              "timedOut": null,
              "duration": 4272,
              "state": "passed",
              "speed": "fast",
              "pass": true,
              "fail": false,
              "pending": false,
              "context": null,
              "code": "// email text input false\ncy.get('.error-message').should('not.exist');\ncy.get('#id').type('admin');\ncy.get('.lk-button').click();\ncy.get('.error-message').should('exist');",
              "err": {},
              "uuid": "5dde10df-f225-49ce-a3ab-31ea89837057",
              "parentUUID": "eac44a61-d8af-4018-87f3-796a95da6c34",
              "isHook": false,
              "skipped": false
            },
            {
              "title": "2-2. createaccount failse(no password)",
              "fullTitle": "empty spec 2-2. createaccount failse(no password)",
              "timedOut": null,
              "duration": 3100,
              "state": "passed",
              "speed": "fast",
              "pass": true,
              "fail": false,
              "pending": false,
              "context": null,
              "code": "// email text input false\ncy.get('.error-message').should('not.exist');\ncy.contains('약관에 동의하셔야 합니다.').should('not.exist');\ncy.get('#id').type('ruoghks@gmail.com');\ncy.get(':nth-child(5) > .lk-input > .lk-input-inner > input').type('admin');\ncy.get(':nth-child(4) > .lk-input > .lk-input-inner > input').type('admin');\ncy.get('.lk-button').click();\ncy.get('.error-message').should('exist');",
              "err": {},
              "uuid": "05acd43b-bb86-4096-b72c-7e1d5bcd3d05",
              "parentUUID": "eac44a61-d8af-4018-87f3-796a95da6c34",
              "isHook": false,
              "skipped": false
            },
            {
              "title": "2-3. createaccount failse(no email & password)",
              "fullTitle": "empty spec 2-3. createaccount failse(no email & password)",
              "timedOut": null,
              "duration": 2002,
              "state": "passed",
              "speed": "fast",
              "pass": true,
              "fail": false,
              "pending": false,
              "context": null,
              "code": "// email text input false\ncy.get('.error-message').should('not.exist');\ncy.get('.lk-button').click();\ncy.get('.error-message').should('exist');",
              "err": {},
              "uuid": "7fcc761c-22ca-4f41-9ccf-867ada0dd3ec",
              "parentUUID": "eac44a61-d8af-4018-87f3-796a95da6c34",
              "isHook": false,
              "skipped": false
            },
            {
              "title": "2-4. createaccount failse(no checkbox)",
              "fullTitle": "empty spec 2-4. createaccount failse(no checkbox)",
              "timedOut": null,
              "duration": 2892,
              "state": "passed",
              "speed": "fast",
              "pass": true,
              "fail": false,
              "pending": false,
              "context": null,
              "code": "// email text input false\ncy.get('.error-message').should('not.exist');\ncy.get('#id').type('ruoghks@gmail.com');\ncy.get(':nth-child(5) > .lk-input > .lk-input-inner > input').type('@dl29240730');\ncy.get(':nth-child(4) > .lk-input > .lk-input-inner > input').type('이경환');\ncy.get('[for=\"check_01\"]').click();\ncy.get('.lk-button').click();\ncy.get('.error-message').should('exist');",
              "err": {},
              "uuid": "e3f10a64-00f3-4230-a0b2-a7741d925cb1",
              "parentUUID": "eac44a61-d8af-4018-87f3-796a95da6c34",
              "isHook": false,
              "skipped": false
            },
            {
              "title": "2-5. createaccount failse(no checkbox)",
              "fullTitle": "empty spec 2-5. createaccount failse(no checkbox)",
              "timedOut": null,
              "duration": 2658,
              "state": "passed",
              "speed": "fast",
              "pass": true,
              "fail": false,
              "pending": false,
              "context": null,
              "code": "cy.get('#id').type('ruoghks@gmail.com');\ncy.get(':nth-child(5) > .lk-input > .lk-input-inner > input').type('@dl29240730');\ncy.get(':nth-child(4) > .lk-input > .lk-input-inner > input').type('이경환');\ncy.get('[style=\"margin-top: 14px;\"] > .lk-checkbox > .checkmark').click();\ncy.get('[style=\"margin-top: 19px;\"] > .lk-checkbox > .checkmark').click();\ncy.get('.lk-button').click();",
              "err": {},
              "uuid": "9e188cae-3afa-466b-a3e8-4c9a7ddcfeb6",
              "parentUUID": "eac44a61-d8af-4018-87f3-796a95da6c34",
              "isHook": false,
              "skipped": false
            }
          ],
          "suites": [],
          "passes": [
            "5dde10df-f225-49ce-a3ab-31ea89837057",
            "05acd43b-bb86-4096-b72c-7e1d5bcd3d05",
            "7fcc761c-22ca-4f41-9ccf-867ada0dd3ec",
            "e3f10a64-00f3-4230-a0b2-a7741d925cb1",
            "9e188cae-3afa-466b-a3e8-4c9a7ddcfeb6"
          ],
          "failures": [],
          "pending": [],
          "skipped": [],
          "duration": 14924,
          "root": false,
          "rootEmpty": false,
          "_timeout": 2000
        }
      ],
      "passes": [],
      "failures": [],
      "pending": [],
      "skipped": [],
      "duration": 0,
      "root": true,
      "rootEmpty": true,
      "_timeout": 2000
    }
  ],
  "meta": {
    "mocha": {
      "version": "7.0.1"
    },
    "mochawesome": {
      "options": {
        "quiet": false,
        "reportFilename": "mochawesome",
        "saveHtml": false,
        "saveJson": true,
        "consoleReporter": "spec",
        "useInlineDiffs": false,
        "code": true
      },
      "version": "7.1.3"
    },
    "marge": {
      "options": {
        "id": "default",
        "reportDir": "cypress/results/json",
        "overwrite": false,
        "html": false,
        "json": true
      },
      "version": "6.2.0"
    }
  }
}