{
  "stats": {
    "suites": 1,
    "tests": 2,
    "passes": 0,
    "pending": 0,
    "failures": 2,
    "start": "2022-09-14T00:00:24.861Z",
    "end": "2022-09-14T00:00:42.883Z",
    "duration": 18022,
    "testsRegistered": 2,
    "passPercent": 0,
    "pendingPercent": 0,
    "other": 0,
    "hasOther": false,
    "skipped": 0,
    "hasSkipped": false
  },
  "results": [
    {
      "uuid": "6e62bdc1-a9df-474e-bc48-9934834b3273",
      "title": "",
      "fullFile": "cypress/e2e/liceklass_host_spec.cy.js",
      "file": "cypress/e2e/liceklass_host_spec.cy.js",
      "beforeHooks": [],
      "afterHooks": [],
      "tests": [],
      "suites": [
        {
          "uuid": "3b91870e-e219-42b4-b1d7-77578a14a7fe",
          "title": "empty spec",
          "fullFile": "",
          "file": "",
          "beforeHooks": [],
          "afterHooks": [],
          "tests": [
            {
              "title": "클래스 변경 후 확인 테스트",
              "fullTitle": "empty spec 클래스 변경 후 확인 테스트",
              "timedOut": null,
              "duration": 10407,
              "state": "failed",
              "speed": null,
              "pass": false,
              "fail": true,
              "pending": false,
              "context": null,
              "code": "cy.viewport(1920, 1080);\ncy.visit('https://sso.liveklass.com/login?query=%7B%22next%22%3A%22%252F%22%7D'); // id & pw text input\ncy.get('[type=\"text\"]').type('kyeonghwan.lee@liveklass.com');\ncy.get('[type=\"password\"]').type('@dl29240730'); // login button click\ncy.get('[class=\"lk-button gradient\"]').click();\ncy.wait(500);\ncy.visit('https://testlee001.liveklass.com/');\ncy.wait(500);\ncy.contains('프로그램').click();\ncy.get('[href=\"/classes/105854\"]').eq(0).click();\ncy.wait(1000);\ncy.contains('무료').should('exist');\ncy.contains('클래스 관리').click();\ncy.wait(500);\ncy.contains('결제설정').click();\ncy.contains('유료 클래스').click();\ncy.get('[class=\"container-input\"]').eq(0).type('10000');\ncy.wait(1000);\ncy.contains('할인 적용').click();\ncy.get('[class=\"container-input\"]').eq(2).type('1000');\ncy.wait(1000);\ncy.contains('월 할부 금액 표시').click();\ncy.wait(1000);\ncy.contains('옵션 설정').click();\ncy.get('[placeholder=\"예 : 1회 코칭권\"]').type('1회 수강권');\ncy.get('[class=\"container-input\"]').eq(4).type('10000');\ncy.wait(1000);\ncy.contains('변경사항 저장하기').click();\ncy.wait(2000);\ncy.contains('저장되었습니다.').should('exist');\ncy.contains('클래스로 돌아가기').click();\ncy.wait(2000);\ncy.contains('정가 10,000원 90% 할인').should('exist');\ncy.contains('현재 판매가 1,000원').should('exist');\ncy.contains('월 500원').should('exist');\ncy.contains('2개월 무이자 할부 시').should('exist');\ncy.contains('프로모션').should('exist');",
              "err": {
                "message": "AssertionError: Timed out retrying after 4000ms: Expected to find element: `[class=\"lk-button gradient\"]`, but never found it.",
                "estack": "AssertionError: Timed out retrying after 4000ms: Expected to find element: `[class=\"lk-button gradient\"]`, but never found it.\n    at Context.eval (https://sso.liveklass.com/__cypress/tests?p=cypress/e2e/liceklass_host_spec.cy.js:883:8)",
                "diff": null
              },
              "uuid": "cb9cfcce-3e55-4b5e-90ef-d0d46549af9f",
              "parentUUID": "3b91870e-e219-42b4-b1d7-77578a14a7fe",
              "isHook": false,
              "skipped": false
            },
            {
              "title": "기존작업 원복",
              "fullTitle": "empty spec 기존작업 원복",
              "timedOut": null,
              "duration": 6370,
              "state": "failed",
              "speed": null,
              "pass": false,
              "fail": true,
              "pending": false,
              "context": null,
              "code": "cy.viewport(1920, 1080);\ncy.visit('https://sso.liveklass.com/login?query=%7B%22next%22%3A%22%252F%22%7D'); // id & pw text input\ncy.get('[type=\"text\"]').type('kyeonghwan.lee@liveklass.com');\ncy.get('[type=\"password\"]').type('@dl29240730'); // login button click\ncy.get('[class=\"lk-button gradient\"]').click();\ncy.wait(500);\ncy.visit('https://testlee001.liveklass.com/');\ncy.wait(500);\ncy.contains('프로그램').click();\ncy.get('[href=\"/classes/105854\"]').eq(0).click();\ncy.wait(1000);\ncy.contains('무료').should('exist');\ncy.contains('클래스 관리').click();\ncy.wait(500);\ncy.contains('클래스 관리').click();\ncy.contains('결제설정').click();\ncy.get('[class=\"container-input\"]').eq(0).clear();\ncy.get('[class=\"container-input\"]').eq(2).clear();\ncy.get('[placeholder=\"예 : 1회 코칭권\"]').clear();\ncy.get('[class=\"container-input\"]').eq(4).clear();\ncy.contains('전체 금액 표시').click();\ncy.contains('할인 적용').click();\ncy.contains('유료 클래스').click();\ncy.contains('옵션 설정').click();\ncy.contains('변경사항 저장하기').click();\ncy.wait(2000);\ncy.contains('저장되었습니다.').should('exist');\ncy.contains('클래스로 돌아가기').click();\ncy.wait(2000);\ncy.contains('무료').should('exist');",
              "err": {
                "message": "AssertionError: Timed out retrying after 4000ms: Expected to find element: `[class=\"lk-button gradient\"]`, but never found it.",
                "estack": "AssertionError: Timed out retrying after 4000ms: Expected to find element: `[class=\"lk-button gradient\"]`, but never found it.\n    at Context.eval (https://sso.liveklass.com/__cypress/tests?p=cypress/e2e/liceklass_host_spec.cy.js:924:8)",
                "diff": null
              },
              "uuid": "22e379bb-3de7-4a72-a301-6c52473d44b4",
              "parentUUID": "3b91870e-e219-42b4-b1d7-77578a14a7fe",
              "isHook": false,
              "skipped": false
            }
          ],
          "suites": [],
          "passes": [],
          "failures": [
            "cb9cfcce-3e55-4b5e-90ef-d0d46549af9f",
            "22e379bb-3de7-4a72-a301-6c52473d44b4"
          ],
          "pending": [],
          "skipped": [],
          "duration": 16777,
          "root": false,
          "rootEmpty": false,
          "_timeout": 2000
        }
      ],
      "passes": [],
      "failures": [],
      "pending": [],
      "skipped": [],
      "duration": 0,
      "root": true,
      "rootEmpty": true,
      "_timeout": 2000
    }
  ],
  "meta": {
    "mocha": {
      "version": "7.0.1"
    },
    "mochawesome": {
      "options": {
        "quiet": false,
        "reportFilename": "mochawesome",
        "saveHtml": false,
        "saveJson": true,
        "consoleReporter": "spec",
        "useInlineDiffs": false,
        "code": true
      },
      "version": "7.1.3"
    },
    "marge": {
      "options": {
        "id": "default",
        "reportDir": "cypress/results/json",
        "overwrite": false,
        "html": false,
        "json": true
      },
      "version": "6.2.0"
    }
  }
}