{
  "stats": {
    "suites": 1,
    "tests": 1,
    "passes": 0,
    "pending": 0,
    "failures": 1,
    "start": "2022-09-14T00:01:08.364Z",
    "end": "2022-09-14T00:01:16.940Z",
    "duration": 8576,
    "testsRegistered": 9,
    "passPercent": 0,
    "pendingPercent": 0,
    "other": 0,
    "hasOther": false,
    "skipped": 8,
    "hasSkipped": true
  },
  "results": [
    {
      "uuid": "aeaf0815-bc45-48bb-aaa5-214cb9f6c777",
      "title": "",
      "fullFile": "cypress/e2e/liveklass_home_client.cy.js",
      "file": "cypress/e2e/liveklass_home_client.cy.js",
      "beforeHooks": [],
      "afterHooks": [],
      "tests": [],
      "suites": [
        {
          "uuid": "945cb5c0-bbd4-475f-8869-061e125d42ee",
          "title": "Basic spec",
          "fullFile": "",
          "file": "",
          "beforeHooks": [],
          "afterHooks": [],
          "tests": [
            {
              "title": "homepage connect",
              "fullTitle": "Basic spec homepage connect",
              "timedOut": null,
              "duration": 7876,
              "state": "failed",
              "speed": null,
              "pass": false,
              "fail": true,
              "pending": false,
              "context": null,
              "code": "cy.viewport(1920, 1080);\ncy.visit('http://liveklass.com'); //main page move test\ncy.get('[class=\"button is-button-small is-alternate w-button\"]').click();\ncy.url().should('include', '/templates');\ncy.url().then(valse => {\n  cy.log('The current real URL id: ', valse);\n});\ncy.go('back');\ncy.contains('지금 무료로 시작하기').click();\ncy.url().should('include', '/templates');\ncy.url().then(valse => {\n  cy.log('The current real URL id: ', valse);\n}); //cy.get('[class=\"button-2-copy max-width-full\"]').eq(0).invoke('removeAttr', 'target').click()\ncy.go('back'); //features page move tests\ncy.contains('기능소개').click();\ncy.url().should('include', '/features');\ncy.url().then(valse => {\n  cy.log('The current real URL id: ', valse);\n}); //pricing page move test\ncy.contains('가격안내').click();\ncy.url().should('include', '/pricing');\ncy.url().then(valse => {\n  cy.log('The current real URL id: ', valse);\n}); //story page move test\ncy.contains('고객 스토리').click();\ncy.url().should('include', '/story');\ncy.url().then(valse => {\n  cy.log('The current real URL id: ', valse);\n}); //connect page move test\ncy.contains('오늘만 무료').click();\ncy.url().should('include', '/connect');\ncy.url().then(valse => {\n  cy.log('The current real URL id: ', valse);\n});",
              "err": {
                "message": "AssertionError: Timed out retrying after 4000ms: Expected to find element: `[class=\"lk-button gradient\"]`, but never found it.\n\nBecause this error occurred during a `before each` hook we are skipping the remaining tests in the current suite: `Basic spec`",
                "estack": "AssertionError: Timed out retrying after 4000ms: Expected to find element: `[class=\"lk-button gradient\"]`, but never found it.\n\nBecause this error occurred during a `before each` hook we are skipping the remaining tests in the current suite: `Basic spec`\n    at Context.eval (https://sso.liveklass.com/__cypress/tests?p=cypress/e2e/liveklass_home_client.cy.js:108:8)",
                "diff": null
              },
              "uuid": "1e786d70-f6d2-414e-9c17-8ccf6ad00cf6",
              "parentUUID": "945cb5c0-bbd4-475f-8869-061e125d42ee",
              "isHook": false,
              "skipped": false
            },
            {
              "title": "2. login menu test",
              "fullTitle": "Basic spec 2. login menu test",
              "timedOut": null,
              "duration": 0,
              "state": "skipped",
              "speed": null,
              "pass": false,
              "fail": false,
              "pending": false,
              "context": null,
              "code": "cy.viewport(1920, 1080);\ncy.visit('https://sso.liveklass.com/login?query=%7B%22next%22%3A%22%252F%22%7D');\ncy.contains('카카오톡으로 로그인').should('exist');\ncy.contains('구글로 로그인').should('exist');\ncy.contains('페이스북으로 로그인').should('exist');\ncy.contains('이메일로 로그인').should('exist'); // Sign Up\ncy.contains('회원가입').click();\ncy.url().should('include', '/createaccount');\ncy.url().then(valse => {\n  cy.log('The current real URL id: ', valse);\n});\ncy.go('back'); // Forgot password\ncy.contains('비밀번호 재설정').click();\ncy.contains('이메일 발송').should('exist'); // email input false\ncy.contains('이메일 형식으로 입력해 주세요').should('not.exist');\ncy.get('[placeholder=\"이메일을 입력해주세요\"]').type('@dl29240730');\ncy.contains('이메일 발송').click();\ncy.contains('이메일 형식으로 입력해 주세요').should('exist'); // check\ncy.contains('비밀번호를 재설정할 수 있는 링크를 메일로 발송하였습니다.').should('not.exist');\ncy.get('[placeholder=\"이메일을 입력해주세요\"]').clear();\ncy.get('[placeholder=\"이메일을 입력해주세요\"]').type('ruoghks@gmail.com');\ncy.contains('이메일 발송').click();\ncy.contains('비밀번호를 재설정할 수 있는 링크를 메일로 발송하였습니다.').should('exist'); // Ok button\ncy.contains('확인').click();",
              "err": {},
              "uuid": "b9f6cec1-fd86-4ad6-89c0-2c714b160334",
              "parentUUID": "945cb5c0-bbd4-475f-8869-061e125d42ee",
              "isHook": false,
              "skipped": true
            },
            {
              "title": "3-1. Login failse (error email&error password)",
              "fullTitle": "Basic spec 3-1. Login failse (error email&error password)",
              "timedOut": null,
              "duration": 0,
              "state": "skipped",
              "speed": null,
              "pass": false,
              "fail": false,
              "pending": false,
              "context": null,
              "code": "// setting\ncy.viewport(1920, 1080);\ncy.visit('https://sso.liveklass.com/login?query=%7B%22next%22%3A%22%252F%22%7D'); // email text input false\ncy.contains('가입된 이메일이 아닙니다. 입력한 내용을 다시 확인해주세요.').should('not.exist');\ncy.get('[type=\"text\"]').type('admin');\ncy.get('[type=\"password\"]').type('admin');\ncy.get('[class=\"lk-button gradient\"]').click();\ncy.contains('가입된 이메일이 아닙니다. 입력한 내용을 다시 확인해주세요.').should('exist');",
              "err": {},
              "uuid": "45be2d81-8ae9-4710-be6d-82b20675e1cb",
              "parentUUID": "945cb5c0-bbd4-475f-8869-061e125d42ee",
              "isHook": false,
              "skipped": true
            },
            {
              "title": "3-2. Login failse(no password)",
              "fullTitle": "Basic spec 3-2. Login failse(no password)",
              "timedOut": null,
              "duration": 0,
              "state": "skipped",
              "speed": null,
              "pass": false,
              "fail": false,
              "pending": false,
              "context": null,
              "code": "// setting\ncy.viewport(1920, 1080);\ncy.visit('https://sso.liveklass.com/login?query=%7B%22next%22%3A%22%252F%22%7D'); // email text input false\ncy.contains('비밀번호가 일치하지 않습니다. 입력한 내용을 다시 확인해 주세요.').should('not.exist');\ncy.get('[type=\"text\"]').type('ruoghks@gmail.com');\ncy.get('[type=\"password\"]').type('admin');\ncy.get('[class=\"lk-button gradient\"]').click();\ncy.contains('비밀번호가 일치하지 않습니다. 입력한 내용을 다시 확인해 주세요.').should('exist');",
              "err": {},
              "uuid": "582758d7-070a-42b5-810e-71c9241ca873",
              "parentUUID": "945cb5c0-bbd4-475f-8869-061e125d42ee",
              "isHook": false,
              "skipped": true
            },
            {
              "title": "3-3. Login failse(no email & password)",
              "fullTitle": "Basic spec 3-3. Login failse(no email & password)",
              "timedOut": null,
              "duration": 0,
              "state": "skipped",
              "speed": null,
              "pass": false,
              "fail": false,
              "pending": false,
              "context": null,
              "code": "// setting\ncy.viewport(1920, 1080);\ncy.visit('https://sso.liveklass.com/login?query=%7B%22next%22%3A%22%252F%22%7D'); // email text input false\ncy.contains('필수 정보입니다.').should('not.exist');\ncy.get('[class=\"lk-button gradient\"]').click();\ncy.contains('필수 정보입니다.').should('exist');",
              "err": {},
              "uuid": "49719e94-23d0-4681-800a-7a3fcb64aa2b",
              "parentUUID": "945cb5c0-bbd4-475f-8869-061e125d42ee",
              "isHook": false,
              "skipped": true
            },
            {
              "title": "4. Login should mypage login & logout",
              "fullTitle": "Basic spec 4. Login should mypage login & logout",
              "timedOut": null,
              "duration": 0,
              "state": "skipped",
              "speed": null,
              "pass": false,
              "fail": false,
              "pending": false,
              "context": null,
              "code": "// TODO: Set this as Channel.draft_form_value\n//const id = '6285f1e10c66185a08c9'\n// setting\ncy.viewport(1920, 1080);\ncy.visit('https://sso.liveklass.com/login?query=%7B%22next%22%3A%22%252F%22%7D'); // id & pw text input\ncy.get('[type=\"text\"]').type('ruoghks@gmail.com');\ncy.get('[type=\"password\"]').type('@dl29240730'); // login button click\ncy.get('[class=\"lk-button gradient\"]').click(); // site page verification\ncy.url().should('include', '/mypage');\ncy.wait(1000);\ncy.url().then(valse => {\n  cy.log('The current real URL id: ', valse);\n}); //button check\ncy.contains('내 사이트').should('exist');\ncy.contains('운영 가이드').should('exist');\ncy.contains('수강생 가이드').should('exist');\ncy.contains('라클아카데미').should('exist');\ncy.contains('사이트').should('exist');\ncy.contains('클래스').should('exist'); // user stting button check\ncy.get('[class=\"ki-user\"]').click();\ncy.wait(1000);\ncy.contains('마이페이지로 이동').should('exist');\ncy.contains('내 정보 수정').should('exist');\ncy.contains('신청 내역').should('exist');\ncy.contains('로그아웃').should('exist');\ncy.contains('내 정보 수정').click();\ncy.wait(1000);\ncy.url().should('include', '/editinformation');\ncy.url().then(valse => {\n  cy.log('The current real URL id: ', valse);\n}); //button check\ncy.contains('내 사이트').should('exist');\ncy.contains('내 정보 저장하기').should('exist');\ncy.contains('메일 인증').should('exist');\ncy.contains('비밀번호를 재설정').should('exist');\ncy.contains('내 정보 수정').should('exist');\ncy.contains('신청 내역').should('exist');\ncy.contains('운영 가이드').should('exist');\ncy.contains('수강생 가이드').should('exist');\ncy.contains('라클아카데미').should('exist'); //phone chage\ncy.get('[name=\"phone\"]').clear();\ncy.get('[name=\"phone\"]').type('01012345678');\ncy.contains('정보가 수정되었습니다').should('not.exist');\ncy.get('[type=\"submit\"]').click();\ncy.contains('정보가 수정되었습니다').should('exist');\ncy.get('[tabindex=\"1001\"]').click(); //password chage\ncy.contains('새 비밀번호를 입력해 주세요.').should('not.exist');\ncy.get('[name=\"password\"]').type('12');\ncy.get('[type=\"submit\"]').click();\ncy.contains('새 비밀번호를 입력해 주세요.').should('exist');\ncy.get('[name=\"password\"]').clear();\ncy.get('[name=\"password\"]').type('@dl292407');\ncy.contains('비밀번호는 8자리 이상 입력해 주세요.').should('not.exist');\ncy.get('[name=\"newPassword\"]').type('@dsfjl');\ncy.contains('비밀번호는 8자리 이상 입력해 주세요.').should('exist');\ncy.contains('비밀번호가 일치하지 않습니다.').should('not.exist');\ncy.get('[name=\"newPassword\"]').clear();\ncy.get('[name=\"newPassword\"]').type('@dl29240730');\ncy.get('[name=\"passwordConfirm\"]').type('@dsfjl');\ncy.contains('비밀번호가 일치하지 않습니다.').should('exist');\ncy.get('[name=\"passwordConfirm\"]').clear();\ncy.get('[name=\"passwordConfirm\"]').type('@dl29240730');\ncy.contains('비밀번호를 확인해 주세요.').should('not.exist');\ncy.get('[type=\"submit\"]').click();\ncy.contains('비밀번호를 확인해 주세요.').should('exist');\ncy.get('[tabindex=\"1001\"]').click();\ncy.get('[name=\"password\"]').clear();\ncy.get('[name=\"password\"]').type('@dl29240730');\ncy.contains('정보가 수정되었습니다').should('not.exist');\ncy.get('[type=\"submit\"]').click();\ncy.contains('정보가 수정되었습니다').should('exist');\ncy.get('[tabindex=\"1001\"]').click(); //paymenthistory\ncy.contains('신청 내역').click();\ncy.wait(1000);\ncy.url().should('include', '/paymenthistory');\ncy.url().then(valse => {\n  cy.log('The current real URL id: ', valse);\n});\ncy.contains('내 사이트').should('exist');\ncy.contains('내 정보 수정').should('exist');\ncy.contains('신청 내역').should('exist');\ncy.contains('운영 가이드').should('exist');\ncy.contains('수강생 가이드').should('exist');\ncy.contains('라클아카데미').should('exist'); // user stting cilck\ncy.get('[class=\"ki-user\"]').click(); // logout\ncy.contains('로그아웃').click();",
              "err": {},
              "uuid": "b1bc7d26-4c2b-4e71-85f4-5353c077a846",
              "parentUUID": "945cb5c0-bbd4-475f-8869-061e125d42ee",
              "isHook": false,
              "skipped": true
            },
            {
              "title": "5. Login should login testlee001 class room join",
              "fullTitle": "Basic spec 5. Login should login testlee001 class room join",
              "timedOut": null,
              "duration": 0,
              "state": "skipped",
              "speed": null,
              "pass": false,
              "fail": false,
              "pending": false,
              "context": null,
              "code": "// setting\ncy.viewport(1920, 1080);\ncy.visit('https://sso.liveklass.com/login?query=%7B%22next%22%3A%22%252F%22%7D'); // id & pw text input\ncy.get('[type=\"text\"]').type('ruoghks@gmail.com');\ncy.get('[type=\"password\"]').type('@dl29240730'); // login button click\ncy.get('[class=\"lk-button gradient\"]').click();\ncy.wait(3000); // site page verification\ncy.url().should('include', '/mypage');\ncy.url().then(valse => {\n  cy.log('The current real URL id: ', valse);\n}); //button check\ncy.contains('내 사이트').should('exist');\ncy.contains('운영 가이드').should('exist');\ncy.contains('수강생 가이드').should('exist');\ncy.contains('라클아카데미').should('exist');\ncy.contains('사이트').should('exist');\ncy.contains('클래스').should('exist'); //site move\ncy.get('[class=\"swiper-slide\"]').click();\ncy.wait(1000);\ncy.get('[href=\"https://testlee001.liveklass.com\"]').click();\ncy.wait(1000); // page check\ncy.get('[alt=\"logo title\"]').should('exist');\ncy.get('[href=\"/intro\"]').should('exist');\ncy.get('[href=\"/classes\"]').should('exist');\ncy.get('[href=\"/me/classes\"]').should('exist');\ncy.get('[href=\"/notices\"]').should('exist');\ncy.get('[href=\"/me/classes\"]').should('exist'); //logo click\ncy.get('[alt=\"logo title\"]').click();\ncy.wait(1000);\ncy.get('[href=\"/intro\"]').click();\ncy.url().should('include', '/intro');\ncy.url().then(valse => {\n  cy.log('The current real URL id: ', valse);\n}); // class click\ncy.get('[href=\"/classes\"]').click();\ncy.wait(1000);\ncy.url().should('include', '/classes');\ncy.url().then(valse => {\n  cy.log('The current real URL id: ', valse);\n}); // program click\ncy.get('[href=\"/me/classes\"]').click();\ncy.wait(1000);\ncy.url().should('include', '/me/classes');\ncy.url().then(valse => {\n  cy.log('The current real URL id: ', valse);\n}); // Notice click\ncy.get('[href=\"/notices\"]').click();\ncy.wait(1000);\ncy.url().should('include', '/notices');\ncy.url().then(valse => {\n  cy.log('The current real URL id: ', valse);\n}); // My lecture room click\ncy.get('[href=\"/me/classes\"]').click();\ncy.wait(1000);\ncy.url().should('include', '/me/classes');\ncy.url().then(valse => {\n  cy.log('The current real URL id: ', valse);\n}); //Course registration\ncy.get('[href=\"/classes\"]').click();\ncy.wait(1000);\ncy.get('[href=\"/classes/105127\"]').eq(0).click();\ncy.contains('찜하기').should('exist');\ncy.contains('공유').should('exist');\ncy.contains('클래스 신청').should('exist');\ncy.contains('찜하기').click();\n/* 찜하기 여부 확인 및 체크 넣기 */\n//cy.go('back')\n//공유 버튼 클릭\ncy.contains('공유').click();\ncy.wait(3000);\ncy.contains('facebook').should('exist');\ncy.contains('이메일').should('exist');\ncy.contains('카카오톡').should('exist');\ncy.contains('링크복사').should('exist');\ncy.get('[class=\"lk-button primary\"]').click();\ncy.wait(1000);\ncy.get('[class=\"email\"]').click({\n  force: true\n});\ncy.get('[class=\"facebook\"]').click({\n  force: true\n});\ncy.get('[class=\"kakao\"]').click({\n  force: true\n}); //공유 팝업 끄기    \ncy.get('[class=\"lk-close-button close\"]').click(); // 클래스 신청 버튼 클릭\ncy.contains('클래스 신청').click();\ncy.wait(3000); //class 신청\ncy.get('[type=\"text\"]').clear();\ncy.get('[type=\"text\"]').type('이경환');\ncy.get('[name=\"phone\"]').eq(0).clear();\ncy.get('[name=\"phone\"]').eq(1).clear();\ncy.get('[name=\"phone\"]').eq(0).type('01077646765');\ncy.get('[name=\"phone\"]').eq(1).type('010776465');\ncy.get('[for=\"check_01\"]').click();\ncy.contains('휴대폰 번호 확인을 정확하게 입력해 주세요.').should('not.exist');\ncy.get('[type=\"submit\"]').click();\ncy.contains('휴대폰 번호 확인을 정확하게 입력해 주세요.').should('exist');\ncy.get('[name=\"phone\"]').eq(0).clear();\ncy.get('[name=\"phone\"]').eq(1).clear();\ncy.get('[name=\"phone\"]').eq(0).type('01077646765');\ncy.get('[name=\"phone\"]').eq(1).type('01077646765');\ncy.get('[type=\"submit\"]').click();\ncy.get('[class=\"btn_common btn_point btn_medium btn_new_point\"]').click();",
              "err": {},
              "uuid": "627b311b-7e00-4da7-845b-ccb7df4de4be",
              "parentUUID": "945cb5c0-bbd4-475f-8869-061e125d42ee",
              "isHook": false,
              "skipped": true
            },
            {
              "title": "6-1. Login should class room go",
              "fullTitle": "Basic spec 6-1. Login should class room go",
              "timedOut": null,
              "duration": 0,
              "state": "skipped",
              "speed": null,
              "pass": false,
              "fail": false,
              "pending": false,
              "context": null,
              "code": "// setting\ncy.viewport(1920, 1080);\ncy.visit('https://sso.liveklass.com/login?query=%7B%22next%22%3A%22%252F%22%7D'); // id & pw text input\ncy.get('[type=\"text\"]').type('ruoghks@gmail.com');\ncy.get('[type=\"password\"]').type('@dl29240730'); // login button click\ncy.get('[class=\"lk-button gradient\"]').click(); //site move\ncy.get('[class=\"swiper-slide\"]').click();\ncy.get('[href=\"https://testlee001.liveklass.com\"]').click(); //Course registration\ncy.get('[href=\"/classes\"]').click();\ncy.wait(1000);\ncy.get('[href=\"/classes/105127\"]').eq(0).click();\ncy.wait(1000); //class room go\ncy.contains('강의실 입장').should('exist');\ncy.contains('강의실 입장').click();\ncy.wait(1000); //cy.contains('클래스로 돌아가기').should('exist')\n//cy.contains('클래스 수강 완료').should('exist')\n//cy.contains('리뷰 작성').should('exist')\ncy.contains('커리큘럼').should('exist');\ncy.contains('커뮤니티').should('exist');\n/*=================================================\n//플레이 X\ncy.get('[type=\"button\"]').click()\ncy.get('[class=\"play rounded-box state-paused\"]').\n=================================================*/\n//커뮤니티\ncy.contains('커뮤니티').click();\ncy.wait(1000);\ncy.contains('파일첨부').should('exist');\ncy.contains('등록하기').should('exist');\ncy.contains('커뮤니티').should('exist');\ncy.contains('과제').should('exist');\ncy.contains('공지사항').should('exist');\ncy.contains('내 글만 보기').should('exist');\ncy.contains('댓글달기').should('exist');\ncy.get('[class=\"icon-texts\"]').should('exist');\ncy.get('[class=\"icon-texts icon-heart-w\"]').should('exist'); //전체글 하트\ncy.get('[class=\"icon-texts icon-heart-w\"]').eq(0).click(); //커뮤니티 파일 등록\ncy.get('[class=\"ui-textarea\"]').type('1234567890');\ncy.get('input[type=\"file\"]').attachFile('example.json');\ncy.wait(1500);\ncy.contains('등록하기').click();\n/*=================================================\n//커뮤니티 댓글 등록 (글 이 많을 수록 실패 추후 수정 필요)\ncy.contains('댓글달기').eq(0).click()\ncy.get('[class=\"lk-textarea button icon-send  fluid default\"]').eq(0).type('1234567890')\ncy.get('[class=\"lk-icon textarea-icon-btn\"]').click()\n=================================================*/\n//과제\ncy.contains('과제').click();\ncy.wait(1000); //전체글 하트\ncy.get('[class=\"icon-texts icon-heart-w\"]').eq(0).click(); //과제 파일 등록\ncy.get('[class=\"ui-textarea\"]').type('1234567890');\ncy.get('input[type=\"file\"]').attachFile('example.json');\ncy.wait(1500);\ncy.contains('등록하기').click();\n/*=================================================\n//과제 댓글 등록 (글 이 많을 수록 실패 추후 수정 필요)\n//cy.contains('댓글달기').eq(0).click()\n//cy.get('[class=\"lk-textarea button icon-send  fluid default\"]').eq(0).type('1234567890')\n//cy.get('[class=\"lk-icon textarea-icon-btn\"]').click()\n=================================================*/\n//리뷰 작성\ncy.contains('리뷰').click();\ncy.wait(1000); //cy.contains('저장').should('exist')\n//cy.contains('취소').should('exist')\n//cy.contains('리뷰 작성').should('exist')\n//cy.contains('리뷰 수정').should('exist')\ncy.get('[placeholder=\"클래스에 대한 평가를 작성해주세요\"]').clear();\ncy.get('[placeholder=\"클래스에 대한 평가를 작성해주세요\"]').type('1234567890');\ncy.get('[class=\"lk-button primary\"]').click();",
              "err": {},
              "uuid": "36527e81-9516-43a1-ab42-762ce35449ea",
              "parentUUID": "945cb5c0-bbd4-475f-8869-061e125d42ee",
              "isHook": false,
              "skipped": true
            },
            {
              "title": "6-2. Login should class room go2",
              "fullTitle": "Basic spec 6-2. Login should class room go2",
              "timedOut": null,
              "duration": 0,
              "state": "skipped",
              "speed": null,
              "pass": false,
              "fail": false,
              "pending": false,
              "context": null,
              "code": "// setting\ncy.viewport(1920, 1080);\ncy.visit('https://sso.liveklass.com/login?query=%7B%22next%22%3A%22%252F%22%7D'); // id & pw text input\ncy.get('[type=\"text\"]').type('ruoghks@gmail.com');\ncy.get('[type=\"password\"]').type('@dl29240730'); // login button click\ncy.get('[class=\"lk-button gradient\"]').click(); //site move\ncy.get('[class=\"swiper-slide\"]').click();\ncy.get('[href=\"https://testlee001.liveklass.com\"]').click(); //Course registration\ncy.get('[href=\"/classes\"]').click();\ncy.get('[href=\"/classes/105127\"]').eq(0).click(); //class room go\ncy.contains('강의실 입장').should('exist');\ncy.contains('강의실 입장').click();\ncy.contains('클래스 수강 완료').click();\ncy.contains('클래스를 완료하신 것을 축하드립니다.').should('exist');\ncy.contains('확인').click();\ncy.contains('클래스로 돌아기기').click();",
              "err": {},
              "uuid": "407002b9-a3d3-4c3e-a01c-5310ebbc28f8",
              "parentUUID": "945cb5c0-bbd4-475f-8869-061e125d42ee",
              "isHook": false,
              "skipped": true
            }
          ],
          "suites": [],
          "passes": [],
          "failures": [
            "1e786d70-f6d2-414e-9c17-8ccf6ad00cf6"
          ],
          "pending": [],
          "skipped": [
            "b9f6cec1-fd86-4ad6-89c0-2c714b160334",
            "45be2d81-8ae9-4710-be6d-82b20675e1cb",
            "582758d7-070a-42b5-810e-71c9241ca873",
            "49719e94-23d0-4681-800a-7a3fcb64aa2b",
            "b1bc7d26-4c2b-4e71-85f4-5353c077a846",
            "627b311b-7e00-4da7-845b-ccb7df4de4be",
            "36527e81-9516-43a1-ab42-762ce35449ea",
            "407002b9-a3d3-4c3e-a01c-5310ebbc28f8"
          ],
          "duration": 7876,
          "root": false,
          "rootEmpty": false,
          "_timeout": 2000
        }
      ],
      "passes": [],
      "failures": [],
      "pending": [],
      "skipped": [],
      "duration": 0,
      "root": true,
      "rootEmpty": true,
      "_timeout": 2000
    }
  ],
  "meta": {
    "mocha": {
      "version": "7.0.1"
    },
    "mochawesome": {
      "options": {
        "quiet": false,
        "reportFilename": "mochawesome",
        "saveHtml": false,
        "saveJson": true,
        "consoleReporter": "spec",
        "useInlineDiffs": false,
        "code": true
      },
      "version": "7.1.3"
    },
    "marge": {
      "options": {
        "id": "default",
        "reportDir": "cypress/results/json",
        "overwrite": false,
        "html": false,
        "json": true
      },
      "version": "6.2.0"
    }
  }
}