{
  "stats": {
    "suites": 1,
    "tests": 1,
    "passes": 0,
    "pending": 0,
    "failures": 1,
    "start": "2022-09-14T00:01:07.054Z",
    "end": "2022-09-14T00:01:07.186Z",
    "duration": 132,
    "testsRegistered": 1,
    "passPercent": 0,
    "pendingPercent": 0,
    "other": 0,
    "hasOther": false,
    "skipped": 0,
    "hasSkipped": false
  },
  "results": [
    {
      "uuid": "94678af5-a124-401b-b971-e3d0109950f8",
      "title": "",
      "fullFile": "cypress/e2e/test.cy.js",
      "file": "cypress/e2e/test.cy.js",
      "beforeHooks": [],
      "afterHooks": [],
      "tests": [],
      "suites": [
        {
          "uuid": "2454c820-7b3d-451e-ab06-8f49f5bd7e23",
          "title": "Config Loading",
          "fullFile": "",
          "file": "",
          "beforeHooks": [],
          "afterHooks": [],
          "tests": [
            {
              "title": "should mock the configuration value",
              "fullTitle": "Config Loading should mock the configuration value",
              "timedOut": null,
              "duration": 98,
              "state": "failed",
              "speed": null,
              "pass": false,
              "fail": true,
              "pending": false,
              "context": null,
              "code": "cy.setAppConfig({\n  foo: 'https://overwritten.com',\n  bar: 'some configuration value'\n}); // be sure to setAppConfig before calling visit()\ncy.visit('/');",
              "err": {
                "message": "TypeError: cy.setAppConfig is not a function",
                "estack": "TypeError: cy.setAppConfig is not a function\n    at Context.eval (http://localhost:53452/__cypress/tests?p=cypress/e2e/test.cy.js:104:8)",
                "diff": null
              },
              "uuid": "21ec5d90-5889-421c-9ec9-f26757977189",
              "parentUUID": "2454c820-7b3d-451e-ab06-8f49f5bd7e23",
              "isHook": false,
              "skipped": false
            }
          ],
          "suites": [],
          "passes": [],
          "failures": [
            "21ec5d90-5889-421c-9ec9-f26757977189"
          ],
          "pending": [],
          "skipped": [],
          "duration": 98,
          "root": false,
          "rootEmpty": false,
          "_timeout": 2000
        }
      ],
      "passes": [],
      "failures": [],
      "pending": [],
      "skipped": [],
      "duration": 0,
      "root": true,
      "rootEmpty": true,
      "_timeout": 2000
    }
  ],
  "meta": {
    "mocha": {
      "version": "7.0.1"
    },
    "mochawesome": {
      "options": {
        "quiet": false,
        "reportFilename": "mochawesome",
        "saveHtml": false,
        "saveJson": true,
        "consoleReporter": "spec",
        "useInlineDiffs": false,
        "code": true
      },
      "version": "7.1.3"
    },
    "marge": {
      "options": {
        "id": "default",
        "reportDir": "cypress/results/json",
        "overwrite": false,
        "html": false,
        "json": true
      },
      "version": "6.2.0"
    }
  }
}