{
  "stats": {
    "suites": 1,
    "tests": 2,
    "passes": 0,
    "pending": 0,
    "failures": 2,
    "start": "2022-09-13T23:59:34.143Z",
    "end": "2022-09-13T23:59:53.269Z",
    "duration": 19126,
    "testsRegistered": 3,
    "passPercent": 0,
    "pendingPercent": 0,
    "other": 0,
    "hasOther": false,
    "skipped": 1,
    "hasSkipped": true
  },
  "results": [
    {
      "uuid": "844f4eb2-5110-4eb5-a662-0178c685ac32",
      "title": "",
      "fullFile": "cypress/e2e/4_site_check.cy.js",
      "file": "cypress/e2e/4_site_check.cy.js",
      "beforeHooks": [],
      "afterHooks": [],
      "tests": [],
      "suites": [
        {
          "uuid": "6d7be18e-0697-4168-ab75-faf8d16cdba7",
          "title": "empty spec",
          "fullFile": "",
          "file": "",
          "beforeHooks": [],
          "afterHooks": [],
          "tests": [
            {
              "title": "4-1. site check",
              "fullTitle": "empty spec 4-1. site check",
              "timedOut": null,
              "duration": 17009,
              "state": "failed",
              "speed": null,
              "pass": false,
              "fail": true,
              "pending": false,
              "context": null,
              "code": "ƒ;\ncy.contains('소개').should('exist');\ncy.contains('프로그램').should('exist');\ncy.contains('공지사항').should('exist');\ncy.contains('나의 강의실').should('exist');\ncy.contains('소개').click();\ncy.wait(300);\ncy.contains('프로그램').click();\ncy.wait(300);\ncy.contains('전체').should('exist');\ncy.contains('비공개').should('exist');\ncy.contains('클래스 생성').should('exist');\ncy.contains('패키지 생성').should('exist');\ncy.contains('공지사항').click();\ncy.wait(300);\ncy.contains('글쓰기').should('exist');\ncy.contains('글쓰기').click();\ncy.wait(300);\ncy.contains('목록으로 돌아가기').should('exist');\ncy.contains('등록').should('exist');\ncy.contains('일반').should('exist');\ncy.contains('중요').should('exist');\ncy.contains('취소').should('exist');\ncy.get('[placeholder=\"공지사항으로 등록할 게시글의 제목을 입력합니다.\"]').type('제목');\ncy.get('[class=\"fr-element fr-view\"]').type('TEST');\ncy.wait(300);\ncy.get('[type=\"submit\"]').eq(0).click();\ncy.wait(300);\ncy.contains('나의 강의실').click();",
              "err": {
                "message": "ReferenceError: ƒ is not defined",
                "estack": "ReferenceError: ƒ is not defined\n    at Context.eval (https://sso.liveklass.com/__cypress/tests?p=cypress/e2e/4_site_check.cy.js:115:5)",
                "diff": null
              },
              "uuid": "76745072-9d43-432e-bf2f-99ee42524beb",
              "parentUUID": "6d7be18e-0697-4168-ab75-faf8d16cdba7",
              "isHook": false,
              "skipped": false
            },
            {
              "title": "4-2. site service (구독관리)",
              "fullTitle": "empty spec 4-2. site service (구독관리)",
              "timedOut": null,
              "duration": 1210,
              "state": "failed",
              "speed": null,
              "pass": false,
              "fail": true,
              "pending": false,
              "context": null,
              "code": "cy.get('[class=\"lk-btn text icon header-menu-icon profile show\"]').click();\ncy.contains('마이페이지로 이동').should('exist');\ncy.contains('내 정보 수정').should('exist');\ncy.contains('서비스 구독').should('exist');\ncy.contains('신청 내역').should('exist');\ncy.contains('매출 관리').should('exist');\ncy.contains('정산 관리').should('exist');\ncy.contains('로그아웃').should('exist');\ncy.wait(500); //서비스 구독 - 구독관리\ncy.contains('서비스 구독').click();\ncy.wait(500);\ncy.contains('내 정보 수정').should('exist');\ncy.contains('서비스 구독').should('exist');\ncy.contains('신청 내역').should('exist');\ncy.contains('매출 관리').should('exist');\ncy.contains('정산 관리').should('exist');\ncy.contains('구독관리').should('exist');\ncy.contains('구독내역').should('exist');\ncy.contains('결제정보').should('exist');\ncy.contains('할인 쿠폰').should('exist');\ncy.contains('구독 변경').click();\ncy.contains('무료').should('exist');\ncy.contains('마이크로').should('exist');\ncy.contains('스몰').should('exist');\ncy.contains('미디엄').should('exist');\ncy.contains('라지').should('exist');\ncy.contains('구독 플랜 변경하기').should('exist');\ncy.contains('취소').should('exist');\ncy.wait(300);\ncy.get('[class=\"el-switch__core\"]').click();\ncy.get('[style=\"width: 40px; border-color: rgb(255, 96, 0); background-color: rgb(255, 96, 0);\"]').should('exist');\ncy.get('[class=\"el-switch__core\"]').click();\ncy.get('[style=\"width: 40px; border-color: rgb(255, 96, 0); background-color: rgb(255, 96, 0);\"]').should('not.exist');\ncy.contains('마이크로').click();\ncy.wait(100);\ncy.contains('구독 취소(A)').should('exist');\ncy.contains('환불').should('exist');\ncy.contains('새로운 구독(B)').should('exist');\ncy.contains('정상가').should('exist');\ncy.contains('구독료').should('exist');\ncy.contains('합계').should('exist');\ncy.contains('19,900원').should('exist');\ncy.contains('결제금액').should('exist');\ncy.contains('현재 사용중인 플랜보다 더 많은 수강신청을 받을 수 있어요.').should('exist');\ncy.contains('구독 플랜 변경하기').click();\ncy.wait(100);\ncy.contains('새로운 카드 정보 등록').should('exist');\ncy.contains('카드 번호').should('exist');\ncy.contains('유효기간').should('exist');\ncy.contains('비밀번호 앞 2자리').should('exist');\ncy.contains('생년월일 6자리').should('exist');\ncy.contains('결제용 이메일').should('exist');\ncy.contains('취소').should('exist');\ncy.contains('저장').should('exist');\ncy.get('[name=\"cardNumber\"]').type('111111111');\ncy.contains('올바른 카드번호를 입력해 주세요.').should('exist');\ncy.wait(100);\ncy.get('[name=\"cardNumber\"]').clear();\ncy.get('[name=\"cardNumber\"]').type('1111111111111111');\ncy.contains('올바른 카드번호를 입력해 주세요.').should('not.exist');\ncy.wait(100);\ncy.get('[name=\"expiry1\"]').type('1');\ncy.contains('유효기간을 입력해 주세요').should('exist');\ncy.wait(100);\ncy.get('[name=\"expiry1\"]').type('1');\ncy.get('[name=\"expiry2\"]').type('20');\ncy.wait(100);\ncy.contains('유효기간을 입력해 주세요').should('exist');\ncy.get('[name=\"expiry2\"]').type('26');\ncy.wait(100);\ncy.get('[name=\"pwd2Digit\"]').type('1');\ncy.contains('올바른 비밀번호를 입력해 주세요.').should('exist');\ncy.wait(100);\ncy.get('[name=\"pwd2Digit\"]').type('1');\ncy.contains('올바른 비밀번호를 입력해 주세요.').should('not.exist');\ncy.get('[name=\"birth\"]').type('1');\ncy.get('[name=\"birth\"]').clear();\ncy.wait(100);\ncy.contains('유효한 값을 입력해 주세요.').should('exist');\ncy.get('[name=\"birth\"]').type('19841228');\ncy.contains('유효한 값을 입력해 주세요.').should('not.exist');\ncy.wait(100);\ncy.get('[name=\"email\"]').type('1');\ncy.wait(100);\ncy.contains('올바른 이메일 주소를 입력해 주세요.').should('exist');\ncy.get('[name=\"email\"]').clear();\ncy.get('[name=\"email\"]').type('ruoghks@gmail.com');\ncy.contains('올바른 이메일 주소를 입력해 주세요.').should('not.exist');\ncy.wait(100);\ncy.get('[class=\"btn_common btn_point btn_medium\"]').click();\ncy.wait(100);\ncy.contains('카드정보 인증 및 빌키 발급에 실패하였습니다. [F112]유효하지않은 카드번호를 입력하셨습니다. (card_bin 없음)').should('exist');\ncy.get('[class=\"btn_common btn_point btn_popup_small focusable\"]').click(); //cy.get('[class=\"btn_common btn_gray btn_medium\"]').click()",
              "err": {
                "message": "ReferenceError: The following error originated from your application code, not from Cypress.\n\n  > $ is not defined\n\nWhen Cypress detects uncaught errors originating from your application it will automatically fail the current test.\n\nThis behavior is configurable, and you can choose to turn this off by listening to the `uncaught:exception` event.\n\nhttps://on.cypress.io/uncaught-exception-from-application\n\nBecause this error occurred during a `before each` hook we are skipping the remaining tests in the current suite: `empty spec`",
                "estack": "ReferenceError: The following error originated from your application code, not from Cypress.\n\n  > $ is not defined\n\nWhen Cypress detects uncaught errors originating from your application it will automatically fail the current test.\n\nThis behavior is configurable, and you can choose to turn this off by listening to the `uncaught:exception` event.\n\nhttps://on.cypress.io/uncaught-exception-from-application\n\nBecause this error occurred during a `before each` hook we are skipping the remaining tests in the current suite: `empty spec`\n    at https://sso.liveklass.com/login:2:5",
                "diff": null
              },
              "uuid": "10114c68-ca01-4282-ac6a-3c1f70a98bc3",
              "parentUUID": "6d7be18e-0697-4168-ab75-faf8d16cdba7",
              "isHook": false,
              "skipped": false
            },
            {
              "title": "4-2. site service (구독 나머지)",
              "fullTitle": "empty spec 4-2. site service (구독 나머지)",
              "timedOut": null,
              "duration": 0,
              "state": "skipped",
              "speed": null,
              "pass": false,
              "fail": false,
              "pending": false,
              "context": null,
              "code": "cy.get('[class=\"lk-btn text icon header-menu-icon profile show\"]').click();\ncy.wait(500); //서비스 구독 - 구독관리\ncy.contains('서비스 구독').click();\ncy.wait(500); //서비스 구독 - 구독내역\ncy.contains('구독내역').click(); //서비스 구독 - 결제정보\ncy.contains('결제정보').click();\ncy.contains('결제 카드 추가').should('exist');\ncy.contains('수정').should('exist');\ncy.contains('결제 카드 추가').click();\ncy.contains('취소').should('exist');\ncy.contains('저장').should('exist');\ncy.contains('취소').click();\ncy.wait(500);\ncy.get('[class=\"btn_common btn_dark btn_x_small\"]').click();\ncy.contains('저장').should('exist');\ncy.wait(500);\ncy.contains('올바른 이메일 주소를 입력해 주세요.').should('not.exist');\ncy.get('[type=\"email\"]').clear();\ncy.get('[type=\"email\"]').type('dsfasfs');\ncy.contains('저장').click();\ncy.contains('올바른 이메일 주소를 입력해 주세요.').should('exist');\ncy.wait(500);\ncy.get('[type=\"email\"]').clear();\ncy.contains('저장').click();\ncy.contains('올바른 이메일 주소를 입력해 주세요.').should('exist');\ncy.wait(500);\ncy.get('[type=\"email\"]').type('kyeonghwan.lee@liveklass.com');\ncy.contains('저장').click();\ncy.contains('이메일 정보가 수정되었습니다.').should('exist');\ncy.get('[class=\"btn_common btn_point btn_popup_small focusable\"]').click();\ncy.wait(500); //서비스 구독 - 할인쿠폰\ncy.contains('할인 쿠폰').click();\ncy.contains('쿠폰 추가').should('exist');\ncy.contains('쿠폰 추가').click();\ncy.wait(500);\ncy.contains('쿠폰 등록').should('exist');\ncy.contains('쿠폰 등록').click();\ncy.get('[class=\"btn_common btn_gray btn_small btn_point\"]').click();\ncy.contains('쿠폰코드를 입력해 주세요').should('exist');\ncy.get('[class=\"btn_common txt_hide btn_popup_close focusable\"]').click();\ncy.wait(500); //신청내역\ncy.contains('신청 내역').click();\ncy.wait(500); //매출관리\ncy.contains('매출 관리').click();\ncy.wait(300);\ncy.contains('오늘').should('exist');\ncy.contains('1주일').should('exist');\ncy.contains('1개월').should('exist');\ncy.contains('3개월').should('exist');\ncy.contains('검색하기').should('exist');\ncy.contains('엑셀다운').should('exist');\ncy.get('[class=\"table_item_w\"]').eq(1).click();\ncy.contains('확인').click();\ncy.contains('엑셀다운').click();\ncy.wait(300); //정산관리\ncy.contains('정산 관리').click();\ncy.wait(300);\ncy.contains('오늘').should('exist');\ncy.contains('1주일').should('exist');\ncy.contains('1개월').should('exist');\ncy.contains('3개월').should('exist');\ncy.contains('검색하기').should('exist');\ncy.contains('엑셀다운').should('exist');\ncy.get('[class=\"table_item_w\"]').eq(1).click();\ncy.get('[class=\"btn_common btn_point btn_medium\"]').click();\ncy.contains('엑셀다운').click();",
              "err": {},
              "uuid": "4d1e7c1b-07e9-4104-827f-2d4982499f93",
              "parentUUID": "6d7be18e-0697-4168-ab75-faf8d16cdba7",
              "isHook": false,
              "skipped": true
            }
          ],
          "suites": [],
          "passes": [],
          "failures": [
            "76745072-9d43-432e-bf2f-99ee42524beb",
            "10114c68-ca01-4282-ac6a-3c1f70a98bc3"
          ],
          "pending": [],
          "skipped": [
            "4d1e7c1b-07e9-4104-827f-2d4982499f93"
          ],
          "duration": 18219,
          "root": false,
          "rootEmpty": false,
          "_timeout": 2000
        }
      ],
      "passes": [],
      "failures": [],
      "pending": [],
      "skipped": [],
      "duration": 0,
      "root": true,
      "rootEmpty": true,
      "_timeout": 2000
    }
  ],
  "meta": {
    "mocha": {
      "version": "7.0.1"
    },
    "mochawesome": {
      "options": {
        "quiet": false,
        "reportFilename": "mochawesome",
        "saveHtml": false,
        "saveJson": true,
        "consoleReporter": "spec",
        "useInlineDiffs": false,
        "code": true
      },
      "version": "7.1.3"
    },
    "marge": {
      "options": {
        "id": "default",
        "reportDir": "cypress/results/json",
        "overwrite": false,
        "html": false,
        "json": true
      },
      "version": "6.2.0"
    }
  }
}