{
  "stats": {
    "suites": 1,
    "tests": 5,
    "passes": 5,
    "pending": 0,
    "failures": 0,
    "start": "2022-09-13T23:58:17.152Z",
    "end": "2022-09-13T23:58:39.792Z",
    "duration": 22640,
    "testsRegistered": 5,
    "passPercent": 100,
    "pendingPercent": 0,
    "other": 0,
    "hasOther": false,
    "skipped": 0,
    "hasSkipped": false
  },
  "results": [
    {
      "uuid": "301e4c29-7774-4f81-909d-1f671fef5483",
      "title": "",
      "fullFile": "cypress/e2e/1_login.cy.js",
      "file": "cypress/e2e/1_login.cy.js",
      "beforeHooks": [],
      "afterHooks": [],
      "tests": [],
      "suites": [
        {
          "uuid": "d4fe5de4-ecbe-4bb8-9f50-a26bbe002711",
          "title": "empty spec",
          "fullFile": "",
          "file": "",
          "beforeHooks": [],
          "afterHooks": [],
          "tests": [
            {
              "title": "1. login menu test",
              "fullTitle": "empty spec 1. login menu test",
              "timedOut": null,
              "duration": 6668,
              "state": "passed",
              "speed": "medium",
              "pass": true,
              "fail": false,
              "pending": false,
              "context": null,
              "code": "cy.get('.kakao').should('exist');\ncy.get('.google').should('exist');\ncy.get('.facebook').should('exist');\ncy.get('.lk-button').should('exist'); // Forgot password\ncy.get(':nth-child(2) > .btn_common').click();\ncy.wait(500);\ncy.contains('이메일 발송').should('exist'); // email input false\ncy.contains('이메일 형식으로 입력해 주세요').should('not.exist');\ncy.get('[placeholder=\"이메일을 입력해주세요\"]').type('@dl29240730');\ncy.get('.reset-modal > .lk-button').click();\ncy.wait(500);\ncy.contains('이메일 형식으로 입력해 주세요').should('exist'); // check\ncy.contains('비밀번호를 재설정할 수 있는 링크를 메일로 발송하였습니다.').should('not.exist');\ncy.get('[placeholder=\"이메일을 입력해주세요\"]').clear();\ncy.get('[placeholder=\"이메일을 입력해주세요\"]').type('ruoghks@gmail.com');\ncy.get('.reset-modal > .lk-button').click();\ncy.wait(500);\ncy.contains('비밀번호를 재설정할 수 있는 링크를 메일로 발송하였습니다.').should('exist'); // Ok button\ncy.contains('확인').click();",
              "err": {},
              "uuid": "165bac82-696d-4265-94f7-317c19ec4ab2",
              "parentUUID": "d4fe5de4-ecbe-4bb8-9f50-a26bbe002711",
              "isHook": false,
              "skipped": false
            },
            {
              "title": "1-1. Login failse (error email&error password)",
              "fullTitle": "empty spec 1-1. Login failse (error email&error password)",
              "timedOut": null,
              "duration": 3414,
              "state": "passed",
              "speed": "fast",
              "pass": true,
              "fail": false,
              "pending": false,
              "context": null,
              "code": "// email text input false\ncy.contains('가입된 이메일이 아닙니다. 입력한 내용을 다시 확인해주세요.').should('not.exist');\ncy.get('[type=\"text\"]').type('admin');\ncy.get('[type=\"password\"]').type('admin');\ncy.get('.lk-button').click();\ncy.contains('가입된 이메일이 아닙니다. 입력한 내용을 다시 확인해주세요.').should('exist');",
              "err": {},
              "uuid": "535d4851-03ae-4f08-986f-e78f92d6d832",
              "parentUUID": "d4fe5de4-ecbe-4bb8-9f50-a26bbe002711",
              "isHook": false,
              "skipped": false
            },
            {
              "title": "1-2. Login failse(no password)",
              "fullTitle": "empty spec 1-2. Login failse(no password)",
              "timedOut": null,
              "duration": 4215,
              "state": "passed",
              "speed": "fast",
              "pass": true,
              "fail": false,
              "pending": false,
              "context": null,
              "code": "// email text input false\ncy.contains('비밀번호가 일치하지 않습니다. 입력한 내용을 다시 확인해 주세요.').should('not.exist');\ncy.get('[type=\"text\"]').type('ruoghks@gmail.com');\ncy.get('[type=\"password\"]').type('admin');\ncy.get('.lk-button').click();\ncy.contains('비밀번호가 일치하지 않습니다. 입력한 내용을 다시 확인해 주세요.').should('exist');",
              "err": {},
              "uuid": "9206fc9d-0886-4a2f-bf41-ce51365e2d3e",
              "parentUUID": "d4fe5de4-ecbe-4bb8-9f50-a26bbe002711",
              "isHook": false,
              "skipped": false
            },
            {
              "title": "1-3. Login failse(no email & password)",
              "fullTitle": "empty spec 1-3. Login failse(no email & password)",
              "timedOut": null,
              "duration": 2740,
              "state": "passed",
              "speed": "fast",
              "pass": true,
              "fail": false,
              "pending": false,
              "context": null,
              "code": "// email text input false\ncy.get('.form_group > .error-message').should('not.exist');\ncy.get('.lk-button').click();\ncy.get('.form_group > .error-message').should('exist');",
              "err": {},
              "uuid": "6e5d2ebd-b259-4d72-8160-0f27ecdf19c3",
              "parentUUID": "d4fe5de4-ecbe-4bb8-9f50-a26bbe002711",
              "isHook": false,
              "skipped": false
            },
            {
              "title": "1-4. Login should mypage login & logout",
              "fullTitle": "empty spec 1-4. Login should mypage login & logout",
              "timedOut": null,
              "duration": 4686,
              "state": "passed",
              "speed": "fast",
              "pass": true,
              "fail": false,
              "pending": false,
              "context": null,
              "code": "// id & pw text input\ncy.get('[type=\"text\"]').type('ruoghks@gmail.com');\ncy.get('[type=\"password\"]').type('@dl29240730'); // login button click\ncy.get('.lk-button').click(); // site page verification\ncy.url().should('include', '/mypage');\ncy.wait(1000);\ncy.url().then(valse => {\n  cy.log('The current real URL id: ', valse);\n});",
              "err": {},
              "uuid": "4405037f-8a47-491c-9b6f-df4b7dcbf66e",
              "parentUUID": "d4fe5de4-ecbe-4bb8-9f50-a26bbe002711",
              "isHook": false,
              "skipped": false
            }
          ],
          "suites": [],
          "passes": [
            "165bac82-696d-4265-94f7-317c19ec4ab2",
            "535d4851-03ae-4f08-986f-e78f92d6d832",
            "9206fc9d-0886-4a2f-bf41-ce51365e2d3e",
            "6e5d2ebd-b259-4d72-8160-0f27ecdf19c3",
            "4405037f-8a47-491c-9b6f-df4b7dcbf66e"
          ],
          "failures": [],
          "pending": [],
          "skipped": [],
          "duration": 21723,
          "root": false,
          "rootEmpty": false,
          "_timeout": 2000
        }
      ],
      "passes": [],
      "failures": [],
      "pending": [],
      "skipped": [],
      "duration": 0,
      "root": true,
      "rootEmpty": true,
      "_timeout": 2000
    }
  ],
  "meta": {
    "mocha": {
      "version": "7.0.1"
    },
    "mochawesome": {
      "options": {
        "quiet": false,
        "reportFilename": "mochawesome",
        "saveHtml": false,
        "saveJson": true,
        "consoleReporter": "spec",
        "useInlineDiffs": false,
        "code": true
      },
      "version": "7.1.3"
    },
    "marge": {
      "options": {
        "id": "default",
        "reportDir": "cypress/results/json",
        "overwrite": false,
        "html": false,
        "json": true
      },
      "version": "6.2.0"
    }
  }
}