{
  "stats": {
    "suites": 1,
    "tests": 5,
    "passes": 5,
    "pending": 0,
    "failures": 0,
    "start": "2022-09-13T07:58:18.203Z",
    "end": "2022-09-13T07:58:40.366Z",
    "duration": 22163,
    "testsRegistered": 5,
    "passPercent": 100,
    "pendingPercent": 0,
    "other": 0,
    "hasOther": false,
    "skipped": 0,
    "hasSkipped": false
  },
  "results": [
    {
      "uuid": "aa543678-c25b-4a69-8513-5e690e4af32c",
      "title": "",
      "fullFile": "cypress/e2e/1_login.cy.js",
      "file": "cypress/e2e/1_login.cy.js",
      "beforeHooks": [],
      "afterHooks": [],
      "tests": [],
      "suites": [
        {
          "uuid": "630569e5-4914-40d1-9255-2e1839eb0e96",
          "title": "empty spec",
          "fullFile": "",
          "file": "",
          "beforeHooks": [],
          "afterHooks": [],
          "tests": [
            {
              "title": "1. login menu test",
              "fullTitle": "empty spec 1. login menu test",
              "timedOut": null,
              "duration": 6681,
              "state": "passed",
              "speed": "medium",
              "pass": true,
              "fail": false,
              "pending": false,
              "context": null,
              "code": "cy.get('.kakao').should('exist');\ncy.get('.google').should('exist');\ncy.get('.facebook').should('exist');\ncy.get('.lk-button').should('exist'); // Forgot password\ncy.get(':nth-child(2) > .btn_common').click();\ncy.wait(500);\ncy.contains('이메일 발송').should('exist'); // email input false\ncy.contains('이메일 형식으로 입력해 주세요').should('not.exist');\ncy.get('[placeholder=\"이메일을 입력해주세요\"]').type('@dl29240730');\ncy.get('.reset-modal > .lk-button').click();\ncy.wait(500);\ncy.contains('이메일 형식으로 입력해 주세요').should('exist'); // check\ncy.contains('비밀번호를 재설정할 수 있는 링크를 메일로 발송하였습니다.').should('not.exist');\ncy.get('[placeholder=\"이메일을 입력해주세요\"]').clear();\ncy.get('[placeholder=\"이메일을 입력해주세요\"]').type('ruoghks@gmail.com');\ncy.get('.reset-modal > .lk-button').click();\ncy.wait(500);\ncy.contains('비밀번호를 재설정할 수 있는 링크를 메일로 발송하였습니다.').should('exist'); // Ok button\ncy.contains('확인').click();",
              "err": {},
              "uuid": "3e4b056d-0dec-4056-84bd-4f236d6cb64c",
              "parentUUID": "630569e5-4914-40d1-9255-2e1839eb0e96",
              "isHook": false,
              "skipped": false
            },
            {
              "title": "1-1. Login failse (error email&error password)",
              "fullTitle": "empty spec 1-1. Login failse (error email&error password)",
              "timedOut": null,
              "duration": 3339,
              "state": "passed",
              "speed": "fast",
              "pass": true,
              "fail": false,
              "pending": false,
              "context": null,
              "code": "// email text input false\ncy.contains('가입된 이메일이 아닙니다. 입력한 내용을 다시 확인해주세요.').should('not.exist');\ncy.get('[type=\"text\"]').type('admin');\ncy.get('[type=\"password\"]').type('admin');\ncy.get('.lk-button').click();\ncy.contains('가입된 이메일이 아닙니다. 입력한 내용을 다시 확인해주세요.').should('exist');",
              "err": {},
              "uuid": "a1bda46b-2fa4-4ccf-9a06-71194de8d425",
              "parentUUID": "630569e5-4914-40d1-9255-2e1839eb0e96",
              "isHook": false,
              "skipped": false
            },
            {
              "title": "1-2. Login failse(no password)",
              "fullTitle": "empty spec 1-2. Login failse(no password)",
              "timedOut": null,
              "duration": 3267,
              "state": "passed",
              "speed": "fast",
              "pass": true,
              "fail": false,
              "pending": false,
              "context": null,
              "code": "// email text input false\ncy.contains('비밀번호가 일치하지 않습니다. 입력한 내용을 다시 확인해 주세요.').should('not.exist');\ncy.get('[type=\"text\"]').type('ruoghks@gmail.com');\ncy.get('[type=\"password\"]').type('admin');\ncy.get('.lk-button').click();\ncy.contains('비밀번호가 일치하지 않습니다. 입력한 내용을 다시 확인해 주세요.').should('exist');",
              "err": {},
              "uuid": "119712e9-2339-4bc3-9a68-6fd53839d305",
              "parentUUID": "630569e5-4914-40d1-9255-2e1839eb0e96",
              "isHook": false,
              "skipped": false
            },
            {
              "title": "1-3. Login failse(no email & password)",
              "fullTitle": "empty spec 1-3. Login failse(no email & password)",
              "timedOut": null,
              "duration": 2905,
              "state": "passed",
              "speed": "fast",
              "pass": true,
              "fail": false,
              "pending": false,
              "context": null,
              "code": "// email text input false\ncy.get('.form_group > .error-message').should('not.exist');\ncy.get('.lk-button').click();\ncy.get('.form_group > .error-message').should('exist');",
              "err": {},
              "uuid": "4883b9dc-f800-4bec-8828-c5791a462606",
              "parentUUID": "630569e5-4914-40d1-9255-2e1839eb0e96",
              "isHook": false,
              "skipped": false
            },
            {
              "title": "1-4. Login should mypage login & logout",
              "fullTitle": "empty spec 1-4. Login should mypage login & logout",
              "timedOut": null,
              "duration": 4765,
              "state": "passed",
              "speed": "fast",
              "pass": true,
              "fail": false,
              "pending": false,
              "context": null,
              "code": "// id & pw text input\ncy.get('[type=\"text\"]').type('ruoghks@gmail.com');\ncy.get('[type=\"password\"]').type('@dl29240730'); // login button click\ncy.get('.lk-button').click(); // site page verification\ncy.url().should('include', '/mypage');\ncy.wait(1000);\ncy.url().then(valse => {\n  cy.log('The current real URL id: ', valse);\n});",
              "err": {},
              "uuid": "b2246b75-2666-4f71-b6e4-da7ea5bbf9e0",
              "parentUUID": "630569e5-4914-40d1-9255-2e1839eb0e96",
              "isHook": false,
              "skipped": false
            }
          ],
          "suites": [],
          "passes": [
            "3e4b056d-0dec-4056-84bd-4f236d6cb64c",
            "a1bda46b-2fa4-4ccf-9a06-71194de8d425",
            "119712e9-2339-4bc3-9a68-6fd53839d305",
            "4883b9dc-f800-4bec-8828-c5791a462606",
            "b2246b75-2666-4f71-b6e4-da7ea5bbf9e0"
          ],
          "failures": [],
          "pending": [],
          "skipped": [],
          "duration": 20957,
          "root": false,
          "rootEmpty": false,
          "_timeout": 2000
        }
      ],
      "passes": [],
      "failures": [],
      "pending": [],
      "skipped": [],
      "duration": 0,
      "root": true,
      "rootEmpty": true,
      "_timeout": 2000
    }
  ],
  "meta": {
    "mocha": {
      "version": "7.0.1"
    },
    "mochawesome": {
      "options": {
        "quiet": false,
        "reportFilename": "mochawesome",
        "saveHtml": false,
        "saveJson": true,
        "consoleReporter": "spec",
        "useInlineDiffs": false,
        "code": true
      },
      "version": "7.1.3"
    },
    "marge": {
      "options": {
        "id": "default",
        "reportDir": "cypress/results/json",
        "overwrite": false,
        "html": false,
        "json": true
      },
      "version": "6.2.0"
    }
  }
}