<?xml version="1.0" encoding="UTF-8"?>
<testsuites name="Mocha Tests" time="0.0000" tests="1" failures="1">
  <testsuite name="Root Suite" timestamp="2022-09-13T08:10:51" tests="0" file="cypress/e2e/test.cy.js" time="0.0000" failures="0">
  </testsuite>
  <testsuite name="Config Loading" timestamp="2022-09-13T08:10:51" tests="1" time="0.0000" failures="1">
    <testcase name="Config Loading should mock the configuration value" time="0.0000" classname="should mock the configuration value">
      <failure message="cy.setAppConfig is not a function" type="TypeError"><![CDATA[TypeError: cy.setAppConfig is not a function
    at Context.eval (http://localhost:64391/__cypress/tests?p=cypress/e2e/test.cy.js:104:8)]]></failure>
    </testcase>
  </testsuite>
</testsuites>